cl : línea de comandos  warning D9025: invalidando '/MT' con '/MD'
  bepch.cpp
cl : línea de comandos  warning D9025: invalidando '/MT' con '/MD'
  Application.cpp
C:\Users\Chavix\source\repos\Beati\Beati\src\Beati\Events\Event.h(1,1): warning C4828: El archivo contiene un carácter que comienza en el desplazamiento 0x56d y que no es válido en el juego de caracteres del origen actual (página de códigos 65001).
  (compilando archivo de origen "/src/Beati/Application.cpp")
  
C:\Users\Chavix\source\repos\Beati\Beati\src\Beati\Layer.h(22,15): warning C4251: "Beati::Layer::m_DebugName": "std::basic_string<char,std::char_traits<char>,std::allocator<char>>" debe tener una interfaz DLL para que la usen los clientes de "Beati::Layer"
  (compilando archivo de origen "/src/Beati/Application.cpp")
      C:\Program Files\Microsoft Visual Studio\2022\Community\VC\Tools\MSVC\14.43.34808\include\xstring(522,7):
      vea la declaración de 'std::basic_string<char,std::char_traits<char>,std::allocator<char>>'
  
C:\Users\Chavix\source\repos\Beati\Beati\src\Beati\Application.h(33,33): warning C4251: "Beati::Application::m_Window": "std::unique_ptr<Beati::Window,std::default_delete<Beati::Window>>" debe tener una interfaz DLL para que la usen los clientes de "Beati::Application"
  (compilando archivo de origen "/src/Beati/Application.cpp")
      C:\Program Files\Microsoft Visual Studio\2022\Community\VC\Tools\MSVC\14.43.34808\include\memory(3332,7):
      vea la declaración de 'std::unique_ptr<Beati::Window,std::default_delete<Beati::Window>>'
  
C:\Users\Chavix\source\repos\Beati\Beati\src\Beati\Application.h(35,14): warning C4251: "Beati::Application::m_LayerStack": "Beati::LayerStack" debe tener una interfaz DLL para que la usen los clientes de "Beati::Application"
  (compilando archivo de origen "/src/Beati/Application.cpp")
      C:\Users\Chavix\source\repos\Beati\Beati\src\Beati\LayerStack.h(10,8):
      vea la declaración de 'Beati::LayerStack'
  
C:\Users\Chavix\source\repos\Beati\Beati\src\Beati\Log.h(20,42): warning C4251: "Beati::Log::s_CoreLogger": "std::shared_ptr<spdlog::logger>" debe tener una interfaz DLL para que la usen los clientes de "Beati::Log"
  (compilando archivo de origen "/src/Beati/Application.cpp")
      C:\Program Files\Microsoft Visual Studio\2022\Community\VC\Tools\MSVC\14.43.34808\include\memory(1557,7):
      vea la declaración de 'std::shared_ptr<spdlog::logger>'
  
C:\Users\Chavix\source\repos\Beati\Beati\src\Beati\Log.h(21,42): warning C4251: "Beati::Log::s_ClientLogger": "std::shared_ptr<spdlog::logger>" debe tener una interfaz DLL para que la usen los clientes de "Beati::Log"
  (compilando archivo de origen "/src/Beati/Application.cpp")
      C:\Program Files\Microsoft Visual Studio\2022\Community\VC\Tools\MSVC\14.43.34808\include\memory(1557,7):
      vea la declaración de 'std::shared_ptr<spdlog::logger>'
  
  ImGuiLayer.cpp
C:\Users\Chavix\source\repos\Beati\Beati\src\Beati\Events\Event.h(1,1): warning C4828: El archivo contiene un carácter que comienza en el desplazamiento 0x56d y que no es válido en el juego de caracteres del origen actual (página de códigos 65001).
  (compilando archivo de origen "/src/Beati/ImGui/ImGuiLayer.cpp")
  
C:\Users\Chavix\source\repos\Beati\Beati\src\Beati\Layer.h(22,15): warning C4251: "Beati::Layer::m_DebugName": "std::basic_string<char,std::char_traits<char>,std::allocator<char>>" debe tener una interfaz DLL para que la usen los clientes de "Beati::Layer"
  (compilando archivo de origen "/src/Beati/ImGui/ImGuiLayer.cpp")
      C:\Program Files\Microsoft Visual Studio\2022\Community\VC\Tools\MSVC\14.43.34808\include\xstring(522,7):
      vea la declaración de 'std::basic_string<char,std::char_traits<char>,std::allocator<char>>'
  
C:\Users\Chavix\source\repos\Beati\Beati\src\Beati\Application.h(33,33): warning C4251: "Beati::Application::m_Window": "std::unique_ptr<Beati::Window,std::default_delete<Beati::Window>>" debe tener una interfaz DLL para que la usen los clientes de "Beati::Application"
  (compilando archivo de origen "/src/Beati/ImGui/ImGuiLayer.cpp")
      C:\Program Files\Microsoft Visual Studio\2022\Community\VC\Tools\MSVC\14.43.34808\include\memory(3332,7):
      vea la declaración de 'std::unique_ptr<Beati::Window,std::default_delete<Beati::Window>>'
  
C:\Users\Chavix\source\repos\Beati\Beati\src\Beati\Application.h(35,14): warning C4251: "Beati::Application::m_LayerStack": "Beati::LayerStack" debe tener una interfaz DLL para que la usen los clientes de "Beati::Application"
  (compilando archivo de origen "/src/Beati/ImGui/ImGuiLayer.cpp")
      C:\Users\Chavix\source\repos\Beati\Beati\src\Beati\LayerStack.h(10,8):
      vea la declaración de 'Beati::LayerStack'
  
C:\Users\Chavix\source\repos\Beati\Beati\src\Beati\Log.h(20,42): warning C4251: "Beati::Log::s_CoreLogger": "std::shared_ptr<spdlog::logger>" debe tener una interfaz DLL para que la usen los clientes de "Beati::Log"
  (compilando archivo de origen "/src/Beati/ImGui/ImGuiLayer.cpp")
      C:\Program Files\Microsoft Visual Studio\2022\Community\VC\Tools\MSVC\14.43.34808\include\memory(1557,7):
      vea la declaración de 'std::shared_ptr<spdlog::logger>'
  
C:\Users\Chavix\source\repos\Beati\Beati\src\Beati\Log.h(21,42): warning C4251: "Beati::Log::s_ClientLogger": "std::shared_ptr<spdlog::logger>" debe tener una interfaz DLL para que la usen los clientes de "Beati::Log"
  (compilando archivo de origen "/src/Beati/ImGui/ImGuiLayer.cpp")
      C:\Program Files\Microsoft Visual Studio\2022\Community\VC\Tools\MSVC\14.43.34808\include\memory(1557,7):
      vea la declaración de 'std::shared_ptr<spdlog::logger>'
  
C:\Users\Chavix\source\repos\Beati\Beati\src\Beati\ImGui\ImGuiLayer.cpp(46,80): warning C4244: 'argumento': conversión de 'unsigned int' a 'float'; posible pérdida de datos
  (compilando archivo de origen "/src/Beati/ImGui/ImGuiLayer.cpp")
  
C:\Users\Chavix\source\repos\Beati\Beati\src\Beati\ImGui\ImGuiLayer.cpp(46,51): warning C4244: 'argumento': conversión de 'unsigned int' a 'float'; posible pérdida de datos
  (compilando archivo de origen "/src/Beati/ImGui/ImGuiLayer.cpp")
  
  Layer.cpp
C:\Users\Chavix\source\repos\Beati\Beati\src\Beati\Events\Event.h(1,1): warning C4828: El archivo contiene un carácter que comienza en el desplazamiento 0x56d y que no es válido en el juego de caracteres del origen actual (página de códigos 65001).
  (compilando archivo de origen "/src/Beati/Layer.cpp")
  
C:\Users\Chavix\source\repos\Beati\Beati\src\Beati\Layer.h(22,15): warning C4251: "Beati::Layer::m_DebugName": "std::basic_string<char,std::char_traits<char>,std::allocator<char>>" debe tener una interfaz DLL para que la usen los clientes de "Beati::Layer"
  (compilando archivo de origen "/src/Beati/Layer.cpp")
      C:\Program Files\Microsoft Visual Studio\2022\Community\VC\Tools\MSVC\14.43.34808\include\xstring(522,7):
      vea la declaración de 'std::basic_string<char,std::char_traits<char>,std::allocator<char>>'
  
  LayerStack.cpp
C:\Users\Chavix\source\repos\Beati\Beati\src\Beati\Events\Event.h(1,1): warning C4828: El archivo contiene un carácter que comienza en el desplazamiento 0x56d y que no es válido en el juego de caracteres del origen actual (página de códigos 65001).
  (compilando archivo de origen "/src/Beati/LayerStack.cpp")
  
C:\Users\Chavix\source\repos\Beati\Beati\src\Beati\Layer.h(22,15): warning C4251: "Beati::Layer::m_DebugName": "std::basic_string<char,std::char_traits<char>,std::allocator<char>>" debe tener una interfaz DLL para que la usen los clientes de "Beati::Layer"
  (compilando archivo de origen "/src/Beati/LayerStack.cpp")
      C:\Program Files\Microsoft Visual Studio\2022\Community\VC\Tools\MSVC\14.43.34808\include\xstring(522,7):
      vea la declaración de 'std::basic_string<char,std::char_traits<char>,std::allocator<char>>'
  
  Log.cpp
C:\Users\Chavix\source\repos\Beati\Beati\src\Beati\Log.h(20,42): warning C4251: "Beati::Log::s_CoreLogger": "std::shared_ptr<spdlog::logger>" debe tener una interfaz DLL para que la usen los clientes de "Beati::Log"
  (compilando archivo de origen "/src/Beati/Log.cpp")
      C:\Program Files\Microsoft Visual Studio\2022\Community\VC\Tools\MSVC\14.43.34808\include\memory(1557,7):
      vea la declaración de 'std::shared_ptr<spdlog::logger>'
  
C:\Users\Chavix\source\repos\Beati\Beati\src\Beati\Log.h(21,42): warning C4251: "Beati::Log::s_ClientLogger": "std::shared_ptr<spdlog::logger>" debe tener una interfaz DLL para que la usen los clientes de "Beati::Log"
  (compilando archivo de origen "/src/Beati/Log.cpp")
      C:\Program Files\Microsoft Visual Studio\2022\Community\VC\Tools\MSVC\14.43.34808\include\memory(1557,7):
      vea la declaración de 'std::shared_ptr<spdlog::logger>'
  
  ImGuiOpenGLRenderer.cpp
C:\Users\Chavix\source\repos\Beati\Beati\src\Platform\OpenGL\ImGuiOpenGLRenderer.cpp(117,9): warning C4603: '_CRT_SECURE_NO_WARNINGS': no se ha definido la macro o la definición es diferente después del uso del encabezado precompilado
  (compilando archivo de origen "/src/Platform/OpenGL/ImGuiOpenGLRenderer.cpp")
      C:\Users\Chavix\source\repos\Beati\Beati\src\Platform\OpenGL\ImGuiOpenGLRenderer.cpp(117,9):
      Agregar la macro al encabezado precompilado en lugar de definirla aquí
      C:\Users\Chavix\source\repos\Beati\Beati\src\Platform\OpenGL\ImGuiOpenGLRenderer.cpp(120,1):
      uso del encabezado precompilado
  
C:\Users\Chavix\source\repos\Beati\Beati\src\Platform\OpenGL\ImGuiOpenGLRenderer.cpp(387,5): warning C4996: 'strcpy': This function or variable may be unsafe. Consider using strcpy_s instead. To disable deprecation, use _CRT_SECURE_NO_WARNINGS. See online help for details.
  (compilando archivo de origen "/src/Platform/OpenGL/ImGuiOpenGLRenderer.cpp")
  
C:\Users\Chavix\source\repos\Beati\Beati\src\Platform\OpenGL\ImGuiOpenGLRenderer.cpp(388,5): warning C4996: 'strcat': This function or variable may be unsafe. Consider using strcat_s instead. To disable deprecation, use _CRT_SECURE_NO_WARNINGS. See online help for details.
  (compilando archivo de origen "/src/Platform/OpenGL/ImGuiOpenGLRenderer.cpp")
  
C:\Users\Chavix\source\repos\Beati\Beati\src\Platform\OpenGL\ImGuiOpenGLRenderer.cpp(331,9): warning C4996: 'sscanf': This function or variable may be unsafe. Consider using sscanf_s instead. To disable deprecation, use _CRT_SECURE_NO_WARNINGS. See online help for details.
  (compilando archivo de origen "/src/Platform/OpenGL/ImGuiOpenGLRenderer.cpp")
  
C:\Users\Chavix\source\repos\Beati\Beati\src\Platform\OpenGL\ImGuiOpenGLRenderer.cpp(839,5): warning C4996: 'sscanf': This function or variable may be unsafe. Consider using sscanf_s instead. To disable deprecation, use _CRT_SECURE_NO_WARNINGS. See online help for details.
  (compilando archivo de origen "/src/Platform/OpenGL/ImGuiOpenGLRenderer.cpp")
  
  WindowsWindow.cpp
C:\Users\Chavix\source\repos\Beati\Beati\src\Beati\Log.h(20,42): warning C4251: "Beati::Log::s_CoreLogger": "std::shared_ptr<spdlog::logger>" debe tener una interfaz DLL para que la usen los clientes de "Beati::Log"
  (compilando archivo de origen "/src/Platform/Windows/WindowsWindow.cpp")
      C:\Program Files\Microsoft Visual Studio\2022\Community\VC\Tools\MSVC\14.43.34808\include\memory(1557,7):
      vea la declaración de 'std::shared_ptr<spdlog::logger>'
  
C:\Users\Chavix\source\repos\Beati\Beati\src\Beati\Log.h(21,42): warning C4251: "Beati::Log::s_ClientLogger": "std::shared_ptr<spdlog::logger>" debe tener una interfaz DLL para que la usen los clientes de "Beati::Log"
  (compilando archivo de origen "/src/Platform/Windows/WindowsWindow.cpp")
      C:\Program Files\Microsoft Visual Studio\2022\Community\VC\Tools\MSVC\14.43.34808\include\memory(1557,7):
      vea la declaración de 'std::shared_ptr<spdlog::logger>'
  
C:\Users\Chavix\source\repos\Beati\Beati\src\Beati\Events\Event.h(1,1): warning C4828: El archivo contiene un carácter que comienza en el desplazamiento 0x56d y que no es válido en el juego de caracteres del origen actual (página de códigos 65001).
  (compilando archivo de origen "/src/Platform/Windows/WindowsWindow.cpp")
  
  Generando código...
     Creando biblioteca ..\bin\Release-windows-x86_64\Beati\Beati.lib y objeto ..\bin\Release-windows-x86_64\Beati\Beati.exp
LINK : warning LNK4098: la biblioteca predeterminada'LIBCMT' entra en conflicto con otras bibliotecas; use la biblioteca /NODEFAULTLIB:biblioteca
  Beati.vcxproj -> C:\Users\Chavix\source\repos\Beati\bin\Release-windows-x86_64\Beati\Beati.dll
